[1117/100355.948:ERROR:crash_report_database_win.cc(457)] unexpected header
[1117/101919.401:ERROR:crash_report_database_win.cc(457)] unexpected header
[1117/102919.463:ERROR:crash_report_database_win.cc(457)] unexpected header
[1117/102919.478:ERROR:directory_reader_win.cc(43)] FindFirstFile: The system cannot find the path specified. (0x3)
[1117/102919.480:ERROR:crash_report_database_win.cc(457)] unexpected header
[1117/102919.480:ERROR:crash_report_database_win.cc(457)] unexpected header
[1117/103419.402:ERROR:crash_report_database_win.cc(457)] unexpected header
[1117/104919.402:ERROR:crash_report_database_win.cc(457)] unexpected header
[1117/110419.403:ERROR:crash_report_database_win.cc(457)] unexpected header
[1117/111919.805:ERROR:crash_report_database_win.cc(457)] unexpected header
[1117/113419.807:ERROR:crash_report_database_win.cc(457)] unexpected header
[1117/114919.811:ERROR:crash_report_database_win.cc(457)] unexpected header
[1117/120419.814:ERROR:crash_report_database_win.cc(457)] unexpected header
[1117/121919.829:ERROR:crash_report_database_win.cc(457)] unexpected header
[1117/123419.830:ERROR:crash_report_database_win.cc(457)] unexpected header
[1117/124919.830:ERROR:crash_report_database_win.cc(457)] unexpected header
[1117/130419.832:ERROR:crash_report_database_win.cc(457)] unexpected header
[1117/131919.834:ERROR:crash_report_database_win.cc(457)] unexpected header
[1117/133419.834:ERROR:crash_report_database_win.cc(457)] unexpected header
[1117/134919.865:ERROR:crash_report_database_win.cc(457)] unexpected header
[1117/140419.891:ERROR:crash_report_database_win.cc(457)] unexpected header
[1117/141919.892:ERROR:crash_report_database_win.cc(457)] unexpected header
[1117/183239.504:ERROR:crash_report_database_win.cc(457)] unexpected header
[1117/183827.041:ERROR:crash_report_database_win.cc(457)] unexpected header
[1119/162811.388:ERROR:directory_reader_win.cc(43)] FindFirstFile: The system cannot find the path specified. (0x3)
[1120/190116.507:ERROR:directory_reader_win.cc(43)] FindFirstFile: The system cannot find the path specified. (0x3)
[1121/083018.302:ERROR:directory_reader_win.cc(43)] FindFirstFile: The system cannot find the path specified. (0x3)
[1121/111138.853:ERROR:directory_reader_win.cc(43)] FindFirstFile: The system cannot find the path specified. (0x3)
[1121/171549.744:ERROR:directory_reader_win.cc(43)] FindFirstFile: The system cannot find the path specified. (0x3)
[1124/123212.688:ERROR:crash_report_database_win.cc(455)] unexpected header
[1124/125532.367:ERROR:directory_reader_win.cc(43)] FindFirstFile: The system cannot find the path specified. (0x3)
[1125/171824.315:ERROR:crash_report_database_win.cc(455)] unexpected header
[1125/172506.099:ERROR:crash_report_database_win.cc(455)] unexpected header
[1125/175552.344:ERROR:crash_report_database_win.cc(455)] unexpected header
[1125/201114.507:ERROR:directory_reader_win.cc(43)] FindFirstFile: The system cannot find the path specified. (0x3)
[1126/103251.765:ERROR:crash_report_database_win.cc(455)] unexpected header
[1126/104251.806:ERROR:crash_report_database_win.cc(455)] unexpected header
[1126/104251.827:ERROR:directory_reader_win.cc(43)] FindFirstFile: The system cannot find the path specified. (0x3)
[1126/104251.830:ERROR:crash_report_database_win.cc(455)] unexpected header
[1126/104251.831:ERROR:crash_report_database_win.cc(455)] unexpected header
[1126/104753.285:ERROR:crash_report_database_win.cc(455)] unexpected header
[1126/110253.285:ERROR:crash_report_database_win.cc(455)] unexpected header
[1126/111753.286:ERROR:crash_report_database_win.cc(455)] unexpected header
[1126/113253.287:ERROR:crash_report_database_win.cc(455)] unexpected header
[1126/114753.287:ERROR:crash_report_database_win.cc(455)] unexpected header
[1126/120253.287:ERROR:crash_report_database_win.cc(455)] unexpected header
[1126/121753.289:ERROR:crash_report_database_win.cc(455)] unexpected header
[1126/123253.290:ERROR:crash_report_database_win.cc(455)] unexpected header
[1126/124753.291:ERROR:crash_report_database_win.cc(455)] unexpected header
[1126/130253.291:ERROR:crash_report_database_win.cc(455)] unexpected header
[1126/131753.291:ERROR:crash_report_database_win.cc(455)] unexpected header
[1126/133253.378:ERROR:crash_report_database_win.cc(455)] unexpected header
[1126/134753.613:ERROR:crash_report_database_win.cc(455)] unexpected header
[1126/140253.636:ERROR:crash_report_database_win.cc(455)] unexpected header
[1126/140947.014:ERROR:directory_reader_win.cc(43)] FindFirstFile: The system cannot find the path specified. (0x3)
[1126/141753.679:ERROR:crash_report_database_win.cc(455)] unexpected header
[1126/143253.680:ERROR:crash_report_database_win.cc(455)] unexpected header
[1126/144753.681:ERROR:crash_report_database_win.cc(455)] unexpected header
[1126/150253.682:ERROR:crash_report_database_win.cc(455)] unexpected header
[1126/151753.682:ERROR:crash_report_database_win.cc(455)] unexpected header
[1126/153253.683:ERROR:crash_report_database_win.cc(455)] unexpected header
[1126/154753.685:ERROR:crash_report_database_win.cc(455)] unexpected header
[1126/160253.686:ERROR:crash_report_database_win.cc(455)] unexpected header
[1126/161753.687:ERROR:crash_report_database_win.cc(455)] unexpected header
[1126/163253.688:ERROR:crash_report_database_win.cc(455)] unexpected header
[1126/164152.577:ERROR:process_reader_win.cc(123)] NtOpenThread: {Access Denied} A process has requested access to an object, but has not been granted those access rights. (0xc0000022)
[1126/164152.616:ERROR:exception_snapshot_win.cc(99)] thread ID 14368 not found in process
[1127/114712.454:ERROR:directory_reader_win.cc(43)] FindFirstFile: The system cannot find the path specified. (0x3)
[1202/161954.068:ERROR:directory_reader_win.cc(43)] FindFirstFile: The system cannot find the path specified. (0x3)
[1203/114437.685:ERROR:crash_report_database_win.cc(455)] unexpected header
[1203/115536.418:ERROR:crash_report_database_win.cc(455)] unexpected header
[1204/101409.237:ERROR:crash_report_database_win.cc(455)] unexpected header
[1207/094225.223:ERROR:crash_report_database_win.cc(455)] unexpected header
[1209/105427.482:ERROR:crash_report_database_win.cc(455)] unexpected header
[1210/073310.516:ERROR:crash_report_database_win.cc(455)] unexpected header
[1210/074310.515:ERROR:crash_report_database_win.cc(455)] unexpected header
[1210/074310.515:ERROR:directory_reader_win.cc(43)] FindFirstFile: The system cannot find the path specified. (0x3)
[1210/074310.518:ERROR:crash_report_database_win.cc(455)] unexpected header
[1210/074310.518:ERROR:crash_report_database_win.cc(455)] unexpected header
[1210/074810.517:ERROR:crash_report_database_win.cc(455)] unexpected header
[1210/080310.518:ERROR:crash_report_database_win.cc(455)] unexpected header
[1210/081810.518:ERROR:crash_report_database_win.cc(455)] unexpected header
[1210/083310.518:ERROR:crash_report_database_win.cc(455)] unexpected header
[1210/092701.523:ERROR:crash_report_database_win.cc(455)] unexpected header
[1211/132308.221:ERROR:crash_report_database_win.cc(455)] unexpected header
[1211/133308.238:ERROR:crash_report_database_win.cc(455)] unexpected header
[1211/133308.238:ERROR:directory_reader_win.cc(43)] FindFirstFile: The system cannot find the path specified. (0x3)
[1211/133308.240:ERROR:crash_report_database_win.cc(455)] unexpected header
[1211/133308.240:ERROR:crash_report_database_win.cc(455)] unexpected header
[1211/133808.269:ERROR:crash_report_database_win.cc(455)] unexpected header
[1211/135308.271:ERROR:crash_report_database_win.cc(455)] unexpected header
[1211/140808.272:ERROR:crash_report_database_win.cc(455)] unexpected header
[1211/142308.272:ERROR:crash_report_database_win.cc(455)] unexpected header
[1212/095207.398:ERROR:crash_report_database_win.cc(455)] unexpected header
[1212/100707.399:ERROR:crash_report_database_win.cc(455)] unexpected header
[1212/102207.399:ERROR:crash_report_database_win.cc(455)] unexpected header
[1212/103707.400:ERROR:crash_report_database_win.cc(455)] unexpected header
[1212/105207.400:ERROR:crash_report_database_win.cc(455)] unexpected header
[1212/110707.400:ERROR:crash_report_database_win.cc(455)] unexpected header
[1212/112630.586:ERROR:crash_report_database_win.cc(455)] unexpected header
[1213/112349.738:ERROR:crash_report_database_win.cc(455)] unexpected header
[1213/183405.539:ERROR:crash_report_database_win.cc(455)] unexpected header
[1213/184405.638:ERROR:crash_report_database_win.cc(455)] unexpected header
[1213/184405.671:ERROR:directory_reader_win.cc(43)] FindFirstFile: The system cannot find the path specified. (0x3)
[1213/184405.687:ERROR:crash_report_database_win.cc(455)] unexpected header
[1213/184405.692:ERROR:crash_report_database_win.cc(455)] unexpected header
[1213/184905.661:ERROR:crash_report_database_win.cc(455)] unexpected header
[1213/190405.662:ERROR:crash_report_database_win.cc(455)] unexpected header
[1213/191905.664:ERROR:crash_report_database_win.cc(455)] unexpected header
[1213/193405.665:ERROR:crash_report_database_win.cc(455)] unexpected header
[1213/194905.666:ERROR:crash_report_database_win.cc(455)] unexpected header
[1213/200405.690:ERROR:crash_report_database_win.cc(455)] unexpected header
[1213/200915.963:ERROR:directory_reader_win.cc(43)] FindFirstFile: The system cannot find the path specified. (0x3)
[1213/201905.692:ERROR:crash_report_database_win.cc(455)] unexpected header
[1213/203405.693:ERROR:crash_report_database_win.cc(455)] unexpected header
[1215/162024.645:ERROR:crash_report_database_win.cc(455)] unexpected header
[1217/100826.237:ERROR:crash_report_database_win.cc(455)] unexpected header
[1217/101826.236:ERROR:crash_report_database_win.cc(455)] unexpected header
[1217/101826.260:ERROR:directory_reader_win.cc(43)] FindFirstFile: The system cannot find the path specified. (0x3)
[1217/101826.262:ERROR:crash_report_database_win.cc(455)] unexpected header
[1217/101826.263:ERROR:crash_report_database_win.cc(455)] unexpected header
[1217/102326.325:ERROR:crash_report_database_win.cc(455)] unexpected header
[1217/105756.673:ERROR:crash_report_database_win.cc(455)] unexpected header
[1218/114009.926:ERROR:crash_report_database_win.cc(455)] unexpected header
[1218/120232.120:ERROR:crash_report_database_win.cc(455)] unexpected header
[1218/185744.043:ERROR:crash_report_database_win.cc(455)] unexpected header
[1219/105630.754:ERROR:crash_report_database_win.cc(455)] unexpected header
[1221/082252.225:ERROR:crash_report_database_win.cc(455)] unexpected header
[1221/083252.099:ERROR:crash_report_database_win.cc(455)] unexpected header
[1221/083252.126:ERROR:filesystem_win.cc(129)] GetFileAttributes C:\Users\hp\AppData\Local\Google\Chrome\User Data\Crashpad\attachments\2ad42d9c-f85f-4e5d-bd69-5086eae7c031: The system cannot find the path specified. (0x3)
[1221/083252.127:ERROR:directory_reader_win.cc(43)] FindFirstFile: The system cannot find the path specified. (0x3)
[1221/083252.127:ERROR:crash_report_database_win.cc(455)] unexpected header
[1221/083252.127:ERROR:crash_report_database_win.cc(455)] unexpected header
[1221/083752.289:ERROR:crash_report_database_win.cc(455)] unexpected header
[1221/085252.291:ERROR:crash_report_database_win.cc(455)] unexpected header
[1221/090752.291:ERROR:crash_report_database_win.cc(455)] unexpected header
[1221/092252.292:ERROR:crash_report_database_win.cc(455)] unexpected header
[1221/093752.292:ERROR:crash_report_database_win.cc(455)] unexpected header
[1221/095252.292:ERROR:crash_report_database_win.cc(455)] unexpected header
[1221/100752.294:ERROR:crash_report_database_win.cc(455)] unexpected header
[1221/172532.665:ERROR:crash_report_database_win.cc(455)] unexpected header
[1221/174032.666:ERROR:crash_report_database_win.cc(455)] unexpected header
[1223/174900.066:ERROR:crash_report_database_win.cc(455)] unexpected header
[1223/180400.066:ERROR:crash_report_database_win.cc(455)] unexpected header
[1223/181900.067:ERROR:crash_report_database_win.cc(455)] unexpected header
[1223/183400.068:ERROR:crash_report_database_win.cc(455)] unexpected header
[1223/184900.068:ERROR:crash_report_database_win.cc(455)] unexpected header
[1223/190400.069:ERROR:crash_report_database_win.cc(455)] unexpected header
[1223/191900.069:ERROR:crash_report_database_win.cc(455)] unexpected header
[1223/193400.087:ERROR:crash_report_database_win.cc(455)] unexpected header
[1223/194900.088:ERROR:crash_report_database_win.cc(455)] unexpected header
[1223/200400.088:ERROR:crash_report_database_win.cc(455)] unexpected header
[1223/201900.090:ERROR:crash_report_database_win.cc(455)] unexpected header
[1223/203400.091:ERROR:crash_report_database_win.cc(455)] unexpected header
[1223/204900.091:ERROR:crash_report_database_win.cc(455)] unexpected header
[1223/210400.092:ERROR:crash_report_database_win.cc(455)] unexpected header
[1223/211403.051:ERROR:process_reader_win.cc(123)] NtOpenThread: {Access Denied} A process has requested access to an object, but has not been granted those access rights. (0xc0000022)
[1223/211403.033:ERROR:process_reader_win.cc(123)] NtOpenThread: {Access Denied} A process has requested access to an object, but has not been granted those access rights. (0xc0000022)
[1223/211403.033:ERROR:process_reader_win.cc(123)] NtOpenThread: {Access Denied} A process has requested access to an object, but has not been granted those access rights. (0xc0000022)
[1223/211403.145:ERROR:process_reader_win.cc(123)] NtOpenThread: {Access Denied} A process has requested access to an object, but has not been granted those access rights. (0xc0000022)
[1223/211403.149:ERROR:exception_snapshot_win.cc(99)] thread ID 8984 not found in process
[1223/211403.149:ERROR:exception_snapshot_win.cc(99)] thread ID 11384 not found in process
[1223/211403.103:ERROR:process_reader_win.cc(123)] NtOpenThread: {Access Denied} A process has requested access to an object, but has not been granted those access rights. (0xc0000022)
[1223/211403.149:ERROR:exception_snapshot_win.cc(99)] thread ID 13248 not found in process
[1223/211403.149:ERROR:exception_snapshot_win.cc(99)] thread ID 224 not found in process
[1223/211403.149:ERROR:exception_snapshot_win.cc(99)] thread ID 10368 not found in process
[1224/182829.111:ERROR:crash_report_database_win.cc(455)] unexpected header
[1224/190924.017:ERROR:crash_report_database_win.cc(455)] unexpected header
[1225/104651.110:ERROR:crash_report_database_win.cc(455)] unexpected header
[1226/115537.265:ERROR:crash_report_database_win.cc(455)] unexpected header
